#
# A fatal error has been detected by the Java Runtime Environment:
#
#  SIGSEGV (0xb) at pc=0x000000010d84c594, pid=2986, tid=0x0000000000003c07
#
# JRE version: Java(TM) SE Runtime Environment (8.0_101-b13) (build 1.8.0_101-b13)
# Java VM: Java HotSpot(TM) 64-Bit Server VM (25.101-b13 mixed mode bsd-amd64 compressed oops)
# Problematic frame:
# V  [libjvm.dylib+0x44c594]
#
# Failed to write core dump. Core dumps have been disabled. To enable core dumping, try "ulimit -c unlimited" before starting Java again
#
# If you would like to submit a bug report, please visit:
#   http://bugreport.java.com/bugreport/crash.jsp
#

---------------  T H R E A D  ---------------

Current thread (0x00007f94c7036000):  JavaThread "JDWP Transport Listener: dt_socket" daemon [_thread_in_vm, id=15367, stack(0x000070000f1d4000,0x000070000f2d4000)]

siginfo: si_signo: 11 (SIGSEGV), si_code: 0 (unknown), si_addr: 0x0000000000000000

Registers:
RAX=0x0000000000000001, RBX=0x000070000f2d3a8b, RCX=0x000000010dc1f360, RDX=0x000070000f2d3a8b
RSP=0x000070000f2d39d0, RBP=0x000070000f2d39e0, RSI=0x00007f94c7036000, RDI=0x7000000000000000
R8 =0x0000000000000001, R9 =0x0000000000000000, R10=0x000007f94c5a071b, R11=0x0000000000000002
R12=0x00007f94c7036000, R13=0x7000000000000000, R14=0x7000000000000000, R15=0x00007f94c3c01510
RIP=0x000000010d84c594, EFLAGS=0x0000000000010206, ERR=0x0000000000000000
  TRAPNO=0x000000000000000d

Top of Stack: (sp=0x000070000f2d39d0)
0x000070000f2d39d0:   000070000f2d3a8b 000070000f2d3a8b
0x000070000f2d39e0:   000070000f2d3a40 000000010d7580d2
0x000070000f2d39f0:   00007f94c7036000 0000000000000000
0x000070000f2d3a00:   0000000000000000 0000000000000000
0x000070000f2d3a10:   00007f94c7036000 00007f94c7036000
0x000070000f2d3a20:   000070000f2d3a8b 000070000f2d3a90
0x000070000f2d3a30:   7000000000000000 0000000000000004
0x000070000f2d3a40:   000070000f2d3a60 000000010e3bd780
0x000070000f2d3a50:   0000000000000001 000070000f2d3b08
0x000070000f2d3a60:   000070000f2d3ad0 000000010e3a21f3
0x000070000f2d3a70:   000070000f2d3aa0 00007f94c5a07170
0x000070000f2d3a80:   0000000700000032 0000000a002d3b08
0x000070000f2d3a90:   0000000000000000 0000000000000000
0x000070000f2d3aa0:   0000000000000000 000070000f2d3c90
0x000070000f2d3ab0:   000000010e3c4e7a 00007f94c58135e0
0x000070000f2d3ac0:   000070000f2d3b08 000000010e3d0598
0x000070000f2d3ad0:   000070000f2d3ae0 000000010e3a22ec
0x000070000f2d3ae0:   000070000f2d3d00 000000010e3ab898
0x000070000f2d3af0:   0000429400000013 00000000000f0200
0x000070000f2d3b00:   00007f94c5812900 000070000f2d3c29
0x000070000f2d3b10:   000000000000005b 000070000f2d3b20
0x000070000f2d3b20:   00000400000000d1 000070000f2d3b58
0x000070000f2d3b30:   0000000000000000 00007f0000000000
0x000070000f2d3b40:   0000429400000030 00007f9400003f80
0x000070000f2d3b50:   000070000f2d3b58 947f000007000000
0x000070000f2d3b60:   080000006865f1c3 3e74696e696c633c
0x000070000f2d3b70:   0056292803000000 0008000000000000
0x000070000f2d3b80:   006065f1c3947f00 74696e693c060000
0x000070000f2d3b90:   562928030000003e 0100000000000000
0x000070000f2d3ba0:   7065f1c3947f0000 6e69616d04000000
0x000070000f2d3bb0:   6a4c5b2816000000 676e616c2f617661
0x000070000f2d3bc0:   3b676e697274532f 0000000000005629 

Instructions: (pc=0x000000010d84c594)
0x000000010d84c574:   40 48 48 85 c0 75 e0 30 c0 0f b6 c0 5d c3 31 c0
0x000000010d84c584:   5d c3 55 48 89 e5 53 48 83 ec 08 48 85 ff 74 24
0x000000010d84c594:   48 8b 1f 48 85 db 74 1c 48 83 fb 37 74 16 48 8b
0x000000010d84c5a4:   03 48 89 df ff 50 10 84 c0 b8 00 00 00 00 48 0f 

Register to memory mapping:

RAX=0x0000000000000001 is an unknown value
RBX=0x000070000f2d3a8b is pointing into the stack for thread: 0x00007f94c7036000
RCX=0x000000010dc1f360: UseMembar+0 in /Library/Java/JavaVirtualMachines/jdk1.8.0_101.jdk/Contents/Home/jre/lib/server/libjvm.dylib at 0x000000010d400000
RDX=0x000070000f2d3a8b is pointing into the stack for thread: 0x00007f94c7036000
RSP=0x000070000f2d39d0 is pointing into the stack for thread: 0x00007f94c7036000
RBP=0x000070000f2d39e0 is pointing into the stack for thread: 0x00007f94c7036000
RSI=0x00007f94c7036000 is a thread
RDI=0x7000000000000000 is an unknown value
R8 =0x0000000000000001 is an unknown value
R9 =0x0000000000000000 is an unknown value
R10=0x000007f94c5a071b is an unknown value
R11=0x0000000000000002 is an unknown value
R12=0x00007f94c7036000 is a thread
R13=0x7000000000000000 is an unknown value
R14=0x7000000000000000 is an unknown value
R15=0x00007f94c3c01510 is an unknown value


Stack: [0x000070000f1d4000,0x000070000f2d4000],  sp=0x000070000f2d39d0,  free space=1022k
Native frames: (J=compiled Java code, j=interpreted, Vv=VM code, C=native code)
V  [libjvm.dylib+0x44c594]
V  [libjvm.dylib+0x3580d2]
C  [libjdwp.dylib+0x20780]  isMethodSynthetic+0x63
C  [libjdwp.dylib+0x51f3]  methods1+0x10b
C  [libjdwp.dylib+0x52ec]  methodsWithGeneric+0xe
C  [libjdwp.dylib+0xe898]  debugLoop_run+0x1ce
C  [libjdwp.dylib+0x1f6ba]  attachThread+0x4d
V  [libjvm.dylib+0x399438]
V  [libjvm.dylib+0x5695ab]
V  [libjvm.dylib+0x56ac98]
V  [libjvm.dylib+0x48933a]
C  [libsystem_pthread.dylib+0x3661]  _pthread_body+0x154
C  [libsystem_pthread.dylib+0x350d]  _pthread_body+0x0
C  [libsystem_pthread.dylib+0x2bf9]  thread_start+0xd
C  0x0000000000000000


---------------  P R O C E S S  ---------------

Java Threads: ( => current thread )
  0x00007f94c6010000 JavaThread "Service Thread" daemon [_thread_blocked, id=43267, stack(0x000070000f8e9000,0x000070000f9e9000)]
  0x00007f94c7801000 JavaThread "C1 CompilerThread3" daemon [_thread_blocked, id=22275, stack(0x000070000f7e6000,0x000070000f8e6000)]
  0x00007f94c6802000 JavaThread "C2 CompilerThread2" daemon [_thread_blocked, id=21763, stack(0x000070000f6e3000,0x000070000f7e3000)]
  0x00007f94c5015800 JavaThread "C2 CompilerThread1" daemon [_thread_blocked, id=16899, stack(0x000070000f5e0000,0x000070000f6e0000)]
  0x00007f94c5015000 JavaThread "C2 CompilerThread0" daemon [_thread_blocked, id=16387, stack(0x000070000f4dd000,0x000070000f5dd000)]
  0x00007f94c6013800 JavaThread "JDWP Command Reader" daemon [_thread_in_native, id=16131, stack(0x000070000f3da000,0x000070000f4da000)]
  0x00007f94c7037000 JavaThread "JDWP Event Helper Thread" daemon [_thread_blocked, id=15619, stack(0x000070000f2d7000,0x000070000f3d7000)]
=>0x00007f94c7036000 JavaThread "JDWP Transport Listener: dt_socket" daemon [_thread_in_vm, id=15367, stack(0x000070000f1d4000,0x000070000f2d4000)]
  0x00007f94c4000000 JavaThread "Signal Dispatcher" daemon [_thread_blocked, id=14851, stack(0x000070000f0d1000,0x000070000f1d1000)]
  0x00007f94c4821000 JavaThread "Finalizer" daemon [_thread_blocked, id=13059, stack(0x000070000efce000,0x000070000f0ce000)]
  0x00007f94c481e000 JavaThread "Reference Handler" daemon [_thread_blocked, id=19971, stack(0x000070000eecb000,0x000070000efcb000)]
  0x00007f94c6001000 JavaThread "main" [_thread_blocked, id=6659, stack(0x000070000e4ad000,0x000070000e5ad000)]

Other Threads:
  0x00007f94c5006000 VMThread [stack: 0x000070000edc8000,0x000070000eec8000] [id=20227]
  0x00007f94c7821800 WatcherThread [stack: 0x000070000f9ec000,0x000070000faec000] [id=22787]

VM state:not at safepoint (normal execution)

VM Mutex/Monitor currently owned by a thread: None

Heap:
 PSYoungGen      total 76288K, used 2621K [0x000000076ab00000, 0x0000000770000000, 0x00000007c0000000)
  eden space 65536K, 4% used [0x000000076ab00000,0x000000076ad8f5e8,0x000000076eb00000)
  from space 10752K, 0% used [0x000000076f580000,0x000000076f580000,0x0000000770000000)
  to   space 10752K, 0% used [0x000000076eb00000,0x000000076eb00000,0x000000076f580000)
 ParOldGen       total 175104K, used 0K [0x00000006c0000000, 0x00000006cab00000, 0x000000076ab00000)
  object space 175104K, 0% used [0x00000006c0000000,0x00000006c0000000,0x00000006cab00000)
 Metaspace       used 2753K, capacity 4628K, committed 4864K, reserved 1056768K
  class space    used 290K, capacity 388K, committed 512K, reserved 1048576K

Card table byte_map: [0x000000010e7e8000,0x000000010efe9000] byte_map_base: 0x000000010b1e8000

Marking Bits: (ParMarkBitMap*) 0x000000010dcedd20
 Begin Bits: [0x000000010f53f000, 0x000000011353f000)
 End Bits:   [0x000000011353f000, 0x000000011753f000)

Polling page: 0x000000010c3e8000

CodeCache: size=245760Kb used=1078Kb max_used=1078Kb free=244681Kb
 bounds [0x0000000118d5f000, 0x0000000118fcf000, 0x0000000127d5f000]
 total_blobs=238 nmethods=16 adapters=145
 compilation: enabled

Compilation events (10 events):
Event: 0.105 Thread 0x00007f94c7801000   12       3       java.lang.AbstractStringBuilder::append (50 bytes)
Event: 0.106 Thread 0x00007f94c7801000 nmethod 12 0x0000000118e6a0d0 code [0x0000000118e6a280, 0x0000000118e6a7a8]
Event: 0.106 Thread 0x00007f94c7801000   13       3       java.lang.String::getChars (62 bytes)
Event: 0.106 Thread 0x00007f94c7801000 nmethod 13 0x0000000118e6b290 code [0x0000000118e6b460, 0x0000000118e6b8f8]
Event: 0.108 Thread 0x00007f94c7801000   14       1       java.lang.ThreadLocal::access$400 (5 bytes)
Event: 0.108 Thread 0x00007f94c7801000 nmethod 14 0x0000000118e69e10 code [0x0000000118e69f60, 0x0000000118e6a050]
Event: 0.115 Thread 0x00007f94c7801000   15       3       java.lang.StringBuilder::append (8 bytes)
Event: 0.115 Thread 0x00007f94c7801000 nmethod 15 0x0000000118e6c5d0 code [0x0000000118e6c740, 0x0000000118e6c8e8]
Event: 0.115 Thread 0x00007f94c7801000   16       3       java.lang.System::getSecurityManager (4 bytes)
Event: 0.115 Thread 0x00007f94c7801000 nmethod 16 0x0000000118e6c990 code [0x0000000118e6cae0, 0x0000000118e6cc30]

GC Heap History (0 events):
No events

Deoptimization events (0 events):
No events

Internal exceptions (2 events):
Event: 0.033 Thread 0x00007f94c6001000 Exception <a 'java/lang/NoSuchMethodError': Method sun.misc.Unsafe.defineClass(Ljava/lang/String;[BII)Ljava/lang/Class; name or signature does not match> (0x000000076ab07cc0) thrown at [/HUDSON3/workspace/8-2-build-macosx-x86_64/jdk8u101/7261/hotspot/src/
Event: 0.033 Thread 0x00007f94c6001000 Exception <a 'java/lang/NoSuchMethodError': Method sun.misc.Unsafe.prefetchRead(Ljava/lang/Object;J)V name or signature does not match> (0x000000076ab07fa8) thrown at [/HUDSON3/workspace/8-2-build-macosx-x86_64/jdk8u101/7261/hotspot/src/share/vm/prims/jni

Events (10 events):
Event: 5604.862 Executing VM operation: ChangeBreakpoints
Event: 5604.862 Executing VM operation: ChangeBreakpoints done
Event: 5623.461 Executing VM operation: RedefineClasses
Event: 5623.461 Executing VM operation: RedefineClasses done
Event: 5623.466 Executing VM operation: ChangeBreakpoints
Event: 5623.466 Executing VM operation: ChangeBreakpoints done
Event: 5773.158 Executing VM operation: ChangeBreakpoints
Event: 5773.158 Executing VM operation: ChangeBreakpoints done
Event: 11075.484 Executing VM operation: RedefineClasses
Event: 11075.485 Executing VM operation: RedefineClasses done


Dynamic libraries:
0x000000000cf96000 	/System/Library/Frameworks/Cocoa.framework/Versions/A/Cocoa
0x000000000cf96000 	/System/Library/Frameworks/Security.framework/Versions/A/Security
0x000000000cf96000 	/System/Library/Frameworks/ApplicationServices.framework/Versions/A/ApplicationServices
0x000000000cf96000 	/usr/lib/libz.1.dylib
0x000000000cf96000 	/usr/lib/libSystem.B.dylib
0x000000000cf96000 	/usr/lib/libobjc.A.dylib
0x000000000cf96000 	/System/Library/Frameworks/CoreFoundation.framework/Versions/A/CoreFoundation
0x000000000cf96000 	/System/Library/Frameworks/Foundation.framework/Versions/C/Foundation
0x000000000cf96000 	/System/Library/Frameworks/AppKit.framework/Versions/C/AppKit
0x000000000cf96000 	/System/Library/Frameworks/CoreData.framework/Versions/A/CoreData
0x000000000cf96000 	/System/Library/PrivateFrameworks/RemoteViewServices.framework/Versions/A/RemoteViewServices
0x000000000cf96000 	/System/Library/PrivateFrameworks/UIFoundation.framework/Versions/A/UIFoundation
0x000000000cf96000 	/System/Library/PrivateFrameworks/DFRFoundation.framework/Versions/A/DFRFoundation
0x000000000cf96000 	/System/Library/Frameworks/Metal.framework/Versions/A/Metal
0x000000000cf96000 	/System/Library/PrivateFrameworks/DesktopServicesPriv.framework/Versions/A/DesktopServicesPriv
0x000000000cf96000 	/usr/lib/libenergytrace.dylib
0x000000000cf96000 	/System/Library/PrivateFrameworks/SkyLight.framework/Versions/A/SkyLight
0x000000000cf96000 	/System/Library/Frameworks/CoreGraphics.framework/Versions/A/CoreGraphics
0x000000000cf96000 	/usr/lib/libScreenReader.dylib
0x000000000cf96000 	/System/Library/Frameworks/Accelerate.framework/Versions/A/Accelerate
0x000000000cf96000 	/System/Library/Frameworks/IOSurface.framework/Versions/A/IOSurface
0x000000000cf96000 	/System/Library/Frameworks/AudioToolbox.framework/Versions/A/AudioToolbox
0x000000000cf96000 	/System/Library/Frameworks/AudioUnit.framework/Versions/A/AudioUnit
0x000000000cf96000 	/System/Library/PrivateFrameworks/DataDetectorsCore.framework/Versions/A/DataDetectorsCore
0x000000000cf96000 	/System/Library/Frameworks/Carbon.framework/Versions/A/Frameworks/HIToolbox.framework/Versions/A/HIToolbox
0x000000000cf96000 	/usr/lib/libicucore.A.dylib
0x000000000cf96000 	/System/Library/Frameworks/QuartzCore.framework/Versions/A/QuartzCore
0x000000000cf96000 	/System/Library/PrivateFrameworks/SignpostNotification.framework/Versions/A/SignpostNotification
0x000000000cf96000 	/System/Library/Frameworks/Carbon.framework/Versions/A/Frameworks/SpeechRecognition.framework/Versions/A/SpeechRecognition
0x000000000cf96000 	/usr/lib/libauto.dylib
0x000000000cf96000 	/usr/lib/libxml2.2.dylib
0x000000000cf96000 	/System/Library/PrivateFrameworks/CoreUI.framework/Versions/A/CoreUI
0x000000000cf96000 	/System/Library/Frameworks/CoreAudio.framework/Versions/A/CoreAudio
0x000000000cf96000 	/System/Library/Frameworks/DiskArbitration.framework/Versions/A/DiskArbitration
0x000000000cf96000 	/usr/lib/liblangid.dylib
0x000000000cf96000 	/System/Library/PrivateFrameworks/MultitouchSupport.framework/Versions/A/MultitouchSupport
0x000000000cf96000 	/System/Library/Frameworks/IOKit.framework/Versions/A/IOKit
0x000000000cf96000 	/usr/lib/libDiagnosticMessagesClient.dylib
0x000000000cf96000 	/System/Library/Frameworks/CoreServices.framework/Versions/A/CoreServices
0x000000000cf96000 	/System/Library/PrivateFrameworks/PerformanceAnalysis.framework/Versions/A/PerformanceAnalysis
0x000000000cf96000 	/System/Library/Frameworks/OpenGL.framework/Versions/A/OpenGL
0x000000000cf96000 	/System/Library/Frameworks/ColorSync.framework/Versions/A/ColorSync
0x000000000cf96000 	/System/Library/Frameworks/CoreImage.framework/Versions/A/CoreImage
0x000000000cf96000 	/System/Library/Frameworks/CoreText.framework/Versions/A/CoreText
0x000000000cf96000 	/System/Library/Frameworks/ImageIO.framework/Versions/A/ImageIO
0x000000000cf96000 	/System/Library/PrivateFrameworks/Backup.framework/Versions/A/Backup
0x000000000cf96000 	/usr/lib/libarchive.2.dylib
0x000000000cf96000 	/System/Library/Frameworks/CFNetwork.framework/Versions/A/CFNetwork
0x000000000cf96000 	/System/Library/Frameworks/SystemConfiguration.framework/Versions/A/SystemConfiguration
0x000000000cf96000 	/usr/lib/libCRFSuite.dylib
0x000000000cf96000 	/usr/lib/libc++.1.dylib
0x000000000cf96000 	/usr/lib/libc++abi.dylib
0x000000000cf96000 	/usr/lib/system/libcache.dylib
0x000000000cf96000 	/usr/lib/system/libcommonCrypto.dylib
0x000000000cf96000 	/usr/lib/system/libcompiler_rt.dylib
0x000000000cf96000 	/usr/lib/system/libcopyfile.dylib
0x000000000cf96000 	/usr/lib/system/libcorecrypto.dylib
0x000000000cf96000 	/usr/lib/system/libdispatch.dylib
0x000000000cf96000 	/usr/lib/system/libdyld.dylib
0x000000000cf96000 	/usr/lib/system/libkeymgr.dylib
0x000000000cf96000 	/usr/lib/system/liblaunch.dylib
0x000000000cf96000 	/usr/lib/system/libmacho.dylib
0x000000000cf96000 	/usr/lib/system/libquarantine.dylib
0x000000000cf96000 	/usr/lib/system/libremovefile.dylib
0x000000000cf96000 	/usr/lib/system/libsystem_asl.dylib
0x000000000cf96000 	/usr/lib/system/libsystem_blocks.dylib
0x000000000cf96000 	/usr/lib/system/libsystem_c.dylib
0x000000000cf96000 	/usr/lib/system/libsystem_configuration.dylib
0x000000000cf96000 	/usr/lib/system/libsystem_coreservices.dylib
0x000000000cf96000 	/usr/lib/system/libsystem_darwin.dylib
0x000000000cf96000 	/usr/lib/system/libsystem_dnssd.dylib
0x000000000cf96000 	/usr/lib/system/libsystem_info.dylib
0x000000000cf96000 	/usr/lib/system/libsystem_m.dylib
0x000000000cf96000 	/usr/lib/system/libsystem_malloc.dylib
0x000000000cf96000 	/usr/lib/system/libsystem_network.dylib
0x000000000cf96000 	/usr/lib/system/libsystem_networkextension.dylib
0x000000000cf96000 	/usr/lib/system/libsystem_notify.dylib
0x000000000cf96000 	/usr/lib/system/libsystem_sandbox.dylib
0x000000000cf96000 	/usr/lib/system/libsystem_secinit.dylib
0x000000000cf96000 	/usr/lib/system/libsystem_kernel.dylib
0x000000000cf96000 	/usr/lib/system/libsystem_platform.dylib
0x000000000cf96000 	/usr/lib/system/libsystem_pthread.dylib
0x000000000cf96000 	/usr/lib/system/libsystem_symptoms.dylib
0x000000000cf96000 	/usr/lib/system/libsystem_trace.dylib
0x000000000cf96000 	/usr/lib/system/libunwind.dylib
0x000000000cf96000 	/usr/lib/system/libxpc.dylib
0x000000000cf96000 	/usr/lib/closure/libclosured.dylib
0x000000000cf96000 	/usr/lib/libbsm.0.dylib
0x000000000cf96000 	/usr/lib/system/libkxld.dylib
0x000000000cf96000 	/usr/lib/libOpenScriptingUtil.dylib
0x000000000cf96000 	/usr/lib/libcoretls.dylib
0x000000000cf96000 	/usr/lib/libcoretls_cfhelpers.dylib
0x000000000cf96000 	/usr/lib/libpam.2.dylib
0x000000000cf96000 	/usr/lib/libsqlite3.dylib
0x000000000cf96000 	/usr/lib/libxar.1.dylib
0x000000000cf96000 	/usr/lib/libbz2.1.0.dylib
0x000000000cf96000 	/usr/lib/liblzma.5.dylib
0x000000000cf96000 	/usr/lib/libnetwork.dylib
0x000000000cf96000 	/usr/lib/libapple_nghttp2.dylib
0x000000000cf96000 	/usr/lib/libpcap.A.dylib
0x000000000cf96000 	/usr/lib/libboringssl.dylib
0x000000000cf96000 	/usr/lib/libusrtcp.dylib
0x000000000cf96000 	/usr/lib/libapple_crypto.dylib
0x000000000cf96000 	/System/Library/Frameworks/CoreServices.framework/Versions/A/Frameworks/FSEvents.framework/Versions/A/FSEvents
0x000000000cf96000 	/System/Library/Frameworks/CoreServices.framework/Versions/A/Frameworks/CarbonCore.framework/Versions/A/CarbonCore
0x000000000cf96000 	/System/Library/Frameworks/CoreServices.framework/Versions/A/Frameworks/Metadata.framework/Versions/A/Metadata
0x000000000cf96000 	/System/Library/Frameworks/CoreServices.framework/Versions/A/Frameworks/OSServices.framework/Versions/A/OSServices
0x000000000cf96000 	/System/Library/Frameworks/CoreServices.framework/Versions/A/Frameworks/SearchKit.framework/Versions/A/SearchKit
0x000000000cf96000 	/System/Library/Frameworks/CoreServices.framework/Versions/A/Frameworks/AE.framework/Versions/A/AE
0x000000000cf96000 	/System/Library/Frameworks/CoreServices.framework/Versions/A/Frameworks/LaunchServices.framework/Versions/A/LaunchServices
0x000000000cf96000 	/System/Library/Frameworks/CoreServices.framework/Versions/A/Frameworks/DictionaryServices.framework/Versions/A/DictionaryServices
0x000000000cf96000 	/System/Library/Frameworks/CoreServices.framework/Versions/A/Frameworks/SharedFileList.framework/Versions/A/SharedFileList
0x000000000cf96000 	/System/Library/Frameworks/NetFS.framework/Versions/A/NetFS
0x000000000cf96000 	/System/Library/PrivateFrameworks/NetAuth.framework/Versions/A/NetAuth
0x000000000cf96000 	/System/Library/PrivateFrameworks/login.framework/Versions/A/Frameworks/loginsupport.framework/Versions/A/loginsupport
0x000000000cf96000 	/System/Library/PrivateFrameworks/TCC.framework/Versions/A/TCC
0x000000000cf96000 	/usr/lib/libmecabra.dylib
0x000000000cf96000 	/System/Library/Frameworks/ApplicationServices.framework/Versions/A/Frameworks/ATS.framework/Versions/A/ATS
0x000000000cf96000 	/System/Library/Frameworks/ApplicationServices.framework/Versions/A/Frameworks/ColorSyncLegacy.framework/Versions/A/ColorSyncLegacy
0x000000000cf96000 	/System/Library/Frameworks/ApplicationServices.framework/Versions/A/Frameworks/HIServices.framework/Versions/A/HIServices
0x000000000cf96000 	/System/Library/Frameworks/ApplicationServices.framework/Versions/A/Frameworks/LangAnalysis.framework/Versions/A/LangAnalysis
0x000000000cf96000 	/System/Library/Frameworks/ApplicationServices.framework/Versions/A/Frameworks/PrintCore.framework/Versions/A/PrintCore
0x000000000cf96000 	/System/Library/Frameworks/ApplicationServices.framework/Versions/A/Frameworks/QD.framework/Versions/A/QD
0x000000000cf96000 	/System/Library/Frameworks/ApplicationServices.framework/Versions/A/Frameworks/SpeechSynthesis.framework/Versions/A/SpeechSynthesis
0x000000000cf96000 	/System/Library/Frameworks/CoreDisplay.framework/Versions/A/CoreDisplay
0x000000000cf96000 	/System/Library/Frameworks/Accelerate.framework/Versions/A/Frameworks/vImage.framework/Versions/A/vImage
0x000000000cf96000 	/System/Library/Frameworks/Accelerate.framework/Versions/A/Frameworks/vecLib.framework/Versions/A/vecLib
0x000000000cf96000 	/System/Library/Frameworks/Accelerate.framework/Versions/A/Frameworks/vecLib.framework/Versions/A/libvDSP.dylib
0x000000000cf96000 	/System/Library/Frameworks/Accelerate.framework/Versions/A/Frameworks/vecLib.framework/Versions/A/libBNNS.dylib
0x000000000cf96000 	/System/Library/Frameworks/Accelerate.framework/Versions/A/Frameworks/vecLib.framework/Versions/A/libQuadrature.dylib
0x000000000cf96000 	/System/Library/Frameworks/Accelerate.framework/Versions/A/Frameworks/vecLib.framework/Versions/A/libvMisc.dylib
0x000000000cf96000 	/System/Library/Frameworks/Accelerate.framework/Versions/A/Frameworks/vecLib.framework/Versions/A/libLAPACK.dylib
0x000000000cf96000 	/System/Library/Frameworks/Accelerate.framework/Versions/A/Frameworks/vecLib.framework/Versions/A/libBLAS.dylib
0x000000000cf96000 	/System/Library/Frameworks/Accelerate.framework/Versions/A/Frameworks/vecLib.framework/Versions/A/libLinearAlgebra.dylib
0x000000000cf96000 	/System/Library/Frameworks/Accelerate.framework/Versions/A/Frameworks/vecLib.framework/Versions/A/libSparse.dylib
0x000000000cf96000 	/System/Library/Frameworks/Accelerate.framework/Versions/A/Frameworks/vecLib.framework/Versions/A/libSparseBLAS.dylib
0x000000000cf96000 	/System/Library/PrivateFrameworks/GPUWrangler.framework/Versions/A/GPUWrangler
0x000000000cf96000 	/System/Library/PrivateFrameworks/IOAccelerator.framework/Versions/A/IOAccelerator
0x000000000cf96000 	/System/Library/PrivateFrameworks/IOPresentment.framework/Versions/A/IOPresentment
0x000000000cf96000 	/System/Library/PrivateFrameworks/DSExternalDisplay.framework/Versions/A/DSExternalDisplay
0x000000000cf96000 	/System/Library/Frameworks/OpenGL.framework/Versions/A/Libraries/libCoreFSCache.dylib
0x000000000cf96000 	/System/Library/Frameworks/CoreVideo.framework/Versions/A/CoreVideo
0x000000000cf96000 	/System/Library/PrivateFrameworks/GraphVisualizer.framework/Versions/A/GraphVisualizer
0x000000000cf96000 	/System/Library/Frameworks/MetalPerformanceShaders.framework/Versions/A/MetalPerformanceShaders
0x000000000cf96000 	/usr/lib/libFosl_dynamic.dylib
0x000000000cf96000 	/System/Library/PrivateFrameworks/FaceCore.framework/Versions/A/FaceCore
0x000000000cf96000 	/System/Library/Frameworks/OpenCL.framework/Versions/A/OpenCL
0x000000000cf96000 	/usr/lib/libcompression.dylib
0x000000000cf96000 	/System/Library/Frameworks/ApplicationServices.framework/Versions/A/Frameworks/ATS.framework/Versions/A/Resources/libFontParser.dylib
0x000000000cf96000 	/System/Library/Frameworks/ApplicationServices.framework/Versions/A/Frameworks/ATS.framework/Versions/A/Resources/libFontRegistry.dylib
0x000000000cf96000 	/System/Library/Frameworks/ImageIO.framework/Versions/A/Resources/libJPEG.dylib
0x000000000cf96000 	/System/Library/Frameworks/ImageIO.framework/Versions/A/Resources/libTIFF.dylib
0x000000000cf96000 	/System/Library/Frameworks/ImageIO.framework/Versions/A/Resources/libPng.dylib
0x000000000cf96000 	/System/Library/Frameworks/ImageIO.framework/Versions/A/Resources/libGIF.dylib
0x000000000cf96000 	/System/Library/Frameworks/ImageIO.framework/Versions/A/Resources/libJP2.dylib
0x000000000cf96000 	/System/Library/Frameworks/ImageIO.framework/Versions/A/Resources/libRadiance.dylib
0x000000000cf96000 	/System/Library/PrivateFrameworks/AppleJPEG.framework/Versions/A/AppleJPEG
0x000000000cf96000 	/System/Library/Frameworks/MetalPerformanceShaders.framework/Frameworks/MPSCore.framework/Versions/A/MPSCore
0x000000000cf96000 	/System/Library/Frameworks/MetalPerformanceShaders.framework/Frameworks/MPSImage.framework/Versions/A/MPSImage
0x000000000cf96000 	/System/Library/Frameworks/MetalPerformanceShaders.framework/Frameworks/MPSNeuralNetwork.framework/Versions/A/MPSNeuralNetwork
0x000000000cf96000 	/System/Library/Frameworks/MetalPerformanceShaders.framework/Frameworks/MPSMatrix.framework/Versions/A/MPSMatrix
0x000000000cf96000 	/System/Library/PrivateFrameworks/MetalTools.framework/Versions/A/MetalTools
0x000000000cf96000 	/System/Library/Frameworks/OpenGL.framework/Versions/A/Libraries/libGLU.dylib
0x000000000cf96000 	/System/Library/Frameworks/OpenGL.framework/Versions/A/Libraries/libGFXShared.dylib
0x000000000cf96000 	/System/Library/Frameworks/OpenGL.framework/Versions/A/Libraries/libGL.dylib
0x000000000cf96000 	/System/Library/Frameworks/OpenGL.framework/Versions/A/Libraries/libGLImage.dylib
0x000000000cf96000 	/System/Library/Frameworks/OpenGL.framework/Versions/A/Libraries/libCVMSPluginSupport.dylib
0x000000000cf96000 	/System/Library/Frameworks/OpenGL.framework/Versions/A/Libraries/libCoreVMClient.dylib
0x000000000cf96000 	/usr/lib/libcups.2.dylib
0x000000000cf96000 	/System/Library/Frameworks/Kerberos.framework/Versions/A/Kerberos
0x000000000cf96000 	/System/Library/Frameworks/GSS.framework/Versions/A/GSS
0x000000000cf96000 	/usr/lib/libresolv.9.dylib
0x000000000cf96000 	/usr/lib/libiconv.2.dylib
0x000000000cf96000 	/System/Library/PrivateFrameworks/Heimdal.framework/Versions/A/Heimdal
0x000000000cf96000 	/usr/lib/libheimdal-asn1.dylib
0x000000000cf96000 	/System/Library/Frameworks/OpenDirectory.framework/Versions/A/OpenDirectory
0x000000000cf96000 	/System/Library/PrivateFrameworks/CommonAuth.framework/Versions/A/CommonAuth
0x000000000cf96000 	/System/Library/Frameworks/OpenDirectory.framework/Versions/A/Frameworks/CFOpenDirectory.framework/Versions/A/CFOpenDirectory
0x000000000cf96000 	/System/Library/Frameworks/SecurityFoundation.framework/Versions/A/SecurityFoundation
0x000000000cf96000 	/System/Library/PrivateFrameworks/APFS.framework/Versions/A/APFS
0x000000000cf96000 	/usr/lib/libutil.dylib
0x000000000cf96000 	/System/Library/PrivateFrameworks/AppleSauce.framework/Versions/A/AppleSauce
0x000000000cf96000 	/System/Library/PrivateFrameworks/LinguisticData.framework/Versions/A/LinguisticData
0x000000000cf96000 	/usr/lib/libmarisa.dylib
0x000000000cf96000 	/System/Library/PrivateFrameworks/Lexicon.framework/Versions/A/Lexicon
0x000000000cf96000 	/usr/lib/libChineseTokenizer.dylib
0x000000000cf96000 	/usr/lib/libcmph.dylib
0x000000000cf96000 	/System/Library/PrivateFrameworks/LanguageModeling.framework/Versions/A/LanguageModeling
0x000000000cf96000 	/System/Library/PrivateFrameworks/CoreEmoji.framework/Versions/A/CoreEmoji
0x000000000cf96000 	/System/Library/Frameworks/ServiceManagement.framework/Versions/A/ServiceManagement
0x000000000cf96000 	/System/Library/PrivateFrameworks/BackgroundTaskManagement.framework/Versions/A/BackgroundTaskManagement
0x000000000cf96000 	/usr/lib/libxslt.1.dylib
0x000000000cf96000 	/System/Library/Frameworks/Carbon.framework/Versions/A/Frameworks/Ink.framework/Versions/A/Ink
0x000000000cf96000 	/System/Library/PrivateFrameworks/TextureIO.framework/Versions/A/TextureIO
0x000000000cf96000 	/usr/lib/libate.dylib
0x000000000cf96000 	/System/Library/PrivateFrameworks/CrashReporterSupport.framework/Versions/A/CrashReporterSupport
0x000000000cf96000 	/System/Library/PrivateFrameworks/Sharing.framework/Versions/A/Sharing
0x000000000cf96000 	/System/Library/PrivateFrameworks/IconServices.framework/Versions/A/IconServices
0x000000000cf96000 	/System/Library/PrivateFrameworks/Apple80211.framework/Versions/A/Apple80211
0x000000000cf96000 	/System/Library/PrivateFrameworks/CoreUtils.framework/Versions/A/CoreUtils
0x000000000cf96000 	/System/Library/Frameworks/CoreWLAN.framework/Versions/A/CoreWLAN
0x000000000cf96000 	/System/Library/Frameworks/IOBluetooth.framework/Versions/A/IOBluetooth
0x000000000cf96000 	/System/Library/PrivateFrameworks/ProtocolBuffer.framework/Versions/A/ProtocolBuffer
0x000000000cf96000 	/System/Library/PrivateFrameworks/CoreWiFi.framework/Versions/A/CoreWiFi
0x000000000cf96000 	/System/Library/Frameworks/CoreBluetooth.framework/Versions/A/CoreBluetooth
0x000000000cf96000 	/System/Library/PrivateFrameworks/DebugSymbols.framework/Versions/A/DebugSymbols
0x000000000cf96000 	/System/Library/PrivateFrameworks/CoreSymbolication.framework/Versions/A/CoreSymbolication
0x000000000cf96000 	/System/Library/PrivateFrameworks/Symbolication.framework/Versions/A/Symbolication
0x000000000cf96000 	/System/Library/PrivateFrameworks/AppleFSCompression.framework/Versions/A/AppleFSCompression
0x000000000cf96000 	/System/Library/PrivateFrameworks/SpeechRecognitionCore.framework/Versions/A/SpeechRecognitionCore
0x000000010d400000 	/Library/Java/JavaVirtualMachines/jdk1.8.0_101.jdk/Contents/Home/jre/lib/server/libjvm.dylib
0x000000000cf96000 	/usr/lib/libstdc++.6.0.9.dylib
0x000000010c3a5000 	/Library/Java/JavaVirtualMachines/jdk1.8.0_101.jdk/Contents/Home/jre/lib/libverify.dylib
0x000000010c3b3000 	/Library/Java/JavaVirtualMachines/jdk1.8.0_101.jdk/Contents/Home/jre/lib/libjava.dylib
0x000000010e39d000 	/Library/Java/JavaVirtualMachines/jdk1.8.0_101.jdk/Contents/Home/jre/lib/libjdwp.dylib
0x000000010c3e9000 	/Library/Java/JavaVirtualMachines/jdk1.8.0_101.jdk/Contents/Home/jre/lib/libnpt.dylib
0x000000010c3f6000 	/Library/Java/JavaVirtualMachines/jdk1.8.0_101.jdk/Contents/Home/jre/lib/libzip.dylib
0x000000000cf96000 	/System/Library/Frameworks/JavaVM.framework/Versions/A/Frameworks/JavaRuntimeSupport.framework/Versions/A/JavaRuntimeSupport
0x000000000cf96000 	/System/Library/Frameworks/JavaVM.framework/Versions/A/Frameworks/JavaNativeFoundation.framework/Versions/A/JavaNativeFoundation
0x000000000cf96000 	/System/Library/Frameworks/JavaVM.framework/Versions/A/JavaVM
0x000000000cf96000 	/System/Library/Frameworks/Carbon.framework/Versions/A/Carbon
0x000000000cf96000 	/System/Library/PrivateFrameworks/JavaLaunching.framework/Versions/A/JavaLaunching
0x000000000cf96000 	/System/Library/Frameworks/Carbon.framework/Versions/A/Frameworks/CommonPanels.framework/Versions/A/CommonPanels
0x000000000cf96000 	/System/Library/Frameworks/Carbon.framework/Versions/A/Frameworks/Help.framework/Versions/A/Help
0x000000000cf96000 	/System/Library/Frameworks/Carbon.framework/Versions/A/Frameworks/ImageCapture.framework/Versions/A/ImageCapture
0x000000000cf96000 	/System/Library/Frameworks/Carbon.framework/Versions/A/Frameworks/OpenScripting.framework/Versions/A/OpenScripting
0x000000000cf96000 	/System/Library/Frameworks/Carbon.framework/Versions/A/Frameworks/Print.framework/Versions/A/Print
0x000000000cf96000 	/System/Library/Frameworks/Carbon.framework/Versions/A/Frameworks/SecurityHI.framework/Versions/A/SecurityHI
0x000000012af49000 	/Library/Java/JavaVirtualMachines/jdk1.8.0_101.jdk/Contents/Home/jre/lib/libdt_socket.dylib

VM Arguments:
jvm_args: -agentlib:jdwp=transport=dt_socket,suspend=y,address=localhost:54427 -Dfile.encoding=UTF-8 
java_command: com.trip.test.Controller input.txt
java_class_path (initial): /Users/nabilbaalbaki/workspaces/trip-test/target/classes
Launcher Type: SUN_STANDARD

Environment Variables:
PATH=/usr/bin:/bin:/usr/sbin:/sbin
SHELL=/bin/bash

Signal Handlers:
SIGSEGV: [libjvm.dylib+0x5af145], sa_mask[0]=11111111011111110111111111111111, sa_flags=SA_ONSTACK|SA_RESTART|SA_SIGINFO
SIGBUS: [libjvm.dylib+0x5af145], sa_mask[0]=11111111011111110111111111111111, sa_flags=SA_RESTART|SA_SIGINFO
SIGFPE: [libjvm.dylib+0x48694c], sa_mask[0]=11111111011111110111111111111111, sa_flags=SA_RESTART|SA_SIGINFO
SIGPIPE: [libjvm.dylib+0x48694c], sa_mask[0]=11111111011111110111111111111111, sa_flags=SA_RESTART|SA_SIGINFO
SIGXFSZ: [libjvm.dylib+0x48694c], sa_mask[0]=11111111011111110111111111111111, sa_flags=SA_RESTART|SA_SIGINFO
SIGILL: [libjvm.dylib+0x48694c], sa_mask[0]=11111111011111110111111111111111, sa_flags=SA_RESTART|SA_SIGINFO
SIGUSR1: SIG_DFL, sa_mask[0]=00000000000000000000000000000000, sa_flags=none
SIGUSR2: [libjvm.dylib+0x48646a], sa_mask[0]=00100000000000000000000000000000, sa_flags=SA_RESTART|SA_SIGINFO
SIGHUP: [libjvm.dylib+0x484a41], sa_mask[0]=11111111011111110111111111111111, sa_flags=SA_RESTART|SA_SIGINFO
SIGINT: [libjvm.dylib+0x484a41], sa_mask[0]=11111111011111110111111111111111, sa_flags=SA_RESTART|SA_SIGINFO
SIGTERM: [libjvm.dylib+0x484a41], sa_mask[0]=11111111011111110111111111111111, sa_flags=SA_RESTART|SA_SIGINFO
SIGQUIT: [libjvm.dylib+0x484a41], sa_mask[0]=11111111011111110111111111111111, sa_flags=SA_RESTART|SA_SIGINFO


---------------  S Y S T E M  ---------------

OS:Bsduname:Darwin 17.6.0 Darwin Kernel Version 17.6.0: Tue May  8 15:22:16 PDT 2018; root:xnu-4570.61.1~1/RELEASE_X86_64 x86_64
rlimit: STACK 8192k, CORE 0k, NPROC 1418, NOFILE 10240, AS infinity
load average:2.86 2.69 2.65

CPU:total 8 (4 cores per cpu, 2 threads per core) family 6 model 70 stepping 1, cmov, cx8, fxsr, mmx, sse, sse2, sse3, ssse3, sse4.1, sse4.2, popcnt, avx, avx2, aes, clmul, erms, lzcnt, ht, tsc, tscinvbit, bmi1, bmi2

Memory: 4k page, physical 16777216k(3257468k free)

/proc/meminfo:


vm_info: Java HotSpot(TM) 64-Bit Server VM (25.101-b13) for bsd-amd64 JRE (1.8.0_101-b13), built on Jun 22 2016 02:42:15 by "java_re" with gcc 4.2.1 (Based on Apple Inc. build 5658) (LLVM build 2336.11.00)

time: Thu Sep 13 20:48:10 2018
elapsed time: 11075 seconds (0d 3h 4m 35s)

